<?xml version="1.0" encoding="UTF-8"?>
<!-- Generated by org.testng.reporters.JUnitReportReporter -->
<testsuite hostname="AKHILESG-IN" name="Gmail.GmailDemo" tests="1" failures="0" timestamp="18 Jan 2020 07:24:51 GMT" time="12.941" errors="0">
  <testcase name="doLoginTest" time="12.941" classname="Gmail.GmailDemo"/>
</testsuite> <!-- Gmail.GmailDemo -->
